Performing C SOURCE FILE Test CMAKE_HAVE_LIBC_PTHREAD failed with the following output:
Change Dir: /mnt/c/Users/etheo/Documents/Geomatics/Q4/GEO1016/Assignment1/Lab_1_Imaging_a_NoViewer/Lab_1_Imaging_a_NoViewer/cmake-build-debug/CMakeFiles/CMakeTmp

Run Build Command(s):/usr/bin/make -f Makefile cmTC_e675c/fast && /usr/bin/make  -f CMakeFiles/cmTC_e675c.dir/build.make CMakeFiles/cmTC_e675c.dir/build
make[1]: Entering directory '/mnt/c/Users/etheo/Documents/Geomatics/Q4/GEO1016/Assignment1/Lab_1_Imaging_a_NoViewer/Lab_1_Imaging_a_NoViewer/cmake-build-debug/CMakeFiles/CMakeTmp'
Building C object CMakeFiles/cmTC_e675c.dir/src.c.o
/usr/bin/cc -DCMAKE_HAVE_LIBC_PTHREAD   -o CMakeFiles/cmTC_e675c.dir/src.c.o -c /mnt/c/Users/etheo/Documents/Geomatics/Q4/GEO1016/Assignment1/Lab_1_Imaging_a_NoViewer/Lab_1_Imaging_a_NoViewer/cmake-build-debug/CMakeFiles/CMakeTmp/src.c
Linking C executable cmTC_e675c
/usr/local/bin/cmake -E cmake_link_script CMakeFiles/cmTC_e675c.dir/link.txt --verbose=1
/usr/bin/cc -rdynamic CMakeFiles/cmTC_e675c.dir/src.c.o -o cmTC_e675c 
/usr/bin/ld: CMakeFiles/cmTC_e675c.dir/src.c.o: in function `main':
src.c:(.text+0x46): undefined reference to `pthread_create'
/usr/bin/ld: src.c:(.text+0x52): undefined reference to `pthread_detach'
/usr/bin/ld: src.c:(.text+0x5e): undefined reference to `pthread_cancel'
/usr/bin/ld: src.c:(.text+0x6f): undefined reference to `pthread_join'
collect2: error: ld returned 1 exit status
make[1]: *** [CMakeFiles/cmTC_e675c.dir/build.make:99: cmTC_e675c] Error 1
make[1]: Leaving directory '/mnt/c/Users/etheo/Documents/Geomatics/Q4/GEO1016/Assignment1/Lab_1_Imaging_a_NoViewer/Lab_1_Imaging_a_NoViewer/cmake-build-debug/CMakeFiles/CMakeTmp'
make: *** [Makefile:127: cmTC_e675c/fast] Error 2


Source file was:
#include <pthread.h>

static void* test_func(void* data)
{
  return data;
}

int main(void)
{
  pthread_t thread;
  pthread_create(&thread, NULL, test_func, NULL);
  pthread_detach(thread);
  pthread_cancel(thread);
  pthread_join(thread, NULL);
  pthread_atfork(NULL, NULL, NULL);
  pthread_exit(NULL);

  return 0;
}

Determining if the function pthread_create exists in the pthreads failed with the following output:
Change Dir: /mnt/c/Users/etheo/Documents/Geomatics/Q4/GEO1016/Assignment1/Lab_1_Imaging_a_NoViewer/Lab_1_Imaging_a_NoViewer/cmake-build-debug/CMakeFiles/CMakeTmp

Run Build Command(s):/usr/bin/make -f Makefile cmTC_5bfd2/fast && /usr/bin/make  -f CMakeFiles/cmTC_5bfd2.dir/build.make CMakeFiles/cmTC_5bfd2.dir/build
make[1]: Entering directory '/mnt/c/Users/etheo/Documents/Geomatics/Q4/GEO1016/Assignment1/Lab_1_Imaging_a_NoViewer/Lab_1_Imaging_a_NoViewer/cmake-build-debug/CMakeFiles/CMakeTmp'
Building C object CMakeFiles/cmTC_5bfd2.dir/CheckFunctionExists.c.o
/usr/bin/cc   -DCHECK_FUNCTION_EXISTS=pthread_create -o CMakeFiles/cmTC_5bfd2.dir/CheckFunctionExists.c.o -c /usr/local/share/cmake-3.20/Modules/CheckFunctionExists.c
Linking C executable cmTC_5bfd2
/usr/local/bin/cmake -E cmake_link_script CMakeFiles/cmTC_5bfd2.dir/link.txt --verbose=1
/usr/bin/cc  -DCHECK_FUNCTION_EXISTS=pthread_create -rdynamic CMakeFiles/cmTC_5bfd2.dir/CheckFunctionExists.c.o -o cmTC_5bfd2  -lpthreads 
/usr/bin/ld: cannot find -lpthreads
collect2: error: ld returned 1 exit status
make[1]: *** [CMakeFiles/cmTC_5bfd2.dir/build.make:99: cmTC_5bfd2] Error 1
make[1]: Leaving directory '/mnt/c/Users/etheo/Documents/Geomatics/Q4/GEO1016/Assignment1/Lab_1_Imaging_a_NoViewer/Lab_1_Imaging_a_NoViewer/cmake-build-debug/CMakeFiles/CMakeTmp'
make: *** [Makefile:127: cmTC_5bfd2/fast] Error 2



Determining if the function sqrt exists failed with the following output:
Change Dir: /mnt/c/Users/etheo/Documents/Geomatics/Q4/GEO1016/Assignment1/Lab_1_Imaging_a_NoViewer/Lab_1_Imaging_a_NoViewer/cmake-build-debug/CMakeFiles/CMakeTmp

Run Build Command(s):/usr/bin/make -f Makefile cmTC_2239a/fast && /usr/bin/make  -f CMakeFiles/cmTC_2239a.dir/build.make CMakeFiles/cmTC_2239a.dir/build
make[1]: Entering directory '/mnt/c/Users/etheo/Documents/Geomatics/Q4/GEO1016/Assignment1/Lab_1_Imaging_a_NoViewer/Lab_1_Imaging_a_NoViewer/cmake-build-debug/CMakeFiles/CMakeTmp'
Building C object CMakeFiles/cmTC_2239a.dir/CheckFunctionExists.c.o
/usr/bin/cc   -DCHECK_FUNCTION_EXISTS=sqrt -o CMakeFiles/cmTC_2239a.dir/CheckFunctionExists.c.o -c /usr/local/share/cmake-3.20/Modules/CheckFunctionExists.c
<command-line>: warning: conflicting types for built-in function ‘sqrt’; expected ‘double(double)’ [-Wbuiltin-declaration-mismatch]
/usr/local/share/cmake-3.20/Modules/CheckFunctionExists.c:7:3: note: in expansion of macro ‘CHECK_FUNCTION_EXISTS’
    7 |   CHECK_FUNCTION_EXISTS(void);
      |   ^~~~~~~~~~~~~~~~~~~~~
/usr/local/share/cmake-3.20/Modules/CheckFunctionExists.c:1:1: note: ‘sqrt’ is declared in header ‘<math.h>’
  +++ |+#include <math.h>
    1 | #ifdef CHECK_FUNCTION_EXISTS
Linking C executable cmTC_2239a
/usr/local/bin/cmake -E cmake_link_script CMakeFiles/cmTC_2239a.dir/link.txt --verbose=1
/usr/bin/cc  -DCHECK_FUNCTION_EXISTS=sqrt -rdynamic CMakeFiles/cmTC_2239a.dir/CheckFunctionExists.c.o -o cmTC_2239a 
/usr/bin/ld: CMakeFiles/cmTC_2239a.dir/CheckFunctionExists.c.o: in function `main':
CheckFunctionExists.c:(.text+0x14): undefined reference to `sqrt'
collect2: error: ld returned 1 exit status
make[1]: *** [CMakeFiles/cmTC_2239a.dir/build.make:99: cmTC_2239a] Error 1
make[1]: Leaving directory '/mnt/c/Users/etheo/Documents/Geomatics/Q4/GEO1016/Assignment1/Lab_1_Imaging_a_NoViewer/Lab_1_Imaging_a_NoViewer/cmake-build-debug/CMakeFiles/CMakeTmp'
make: *** [Makefile:127: cmTC_2239a/fast] Error 2



